0 info it worked if it ends with ok
1 verbose cli [ '/usr/local/bin/node',
1 verbose cli   '/usr/local/bin/npm',
1 verbose cli   'install',
1 verbose cli   'typescript@2.2.0-dev.20161209' ]
2 info using npm@3.10.3
3 info using node@v6.5.0
4 silly loadCurrentTree Starting
5 silly install loadCurrentTree
6 silly install readLocalPackageData
7 silly fetchPackageMetaData typescript@2.2.0-dev.20161209
8 silly fetchNamedPackageData typescript
9 silly mapToRegistry name typescript
10 silly mapToRegistry using default registry
11 silly mapToRegistry registry https://registry.npmjs.org/
12 silly mapToRegistry data Result {
12 silly mapToRegistry   raw: 'typescript',
12 silly mapToRegistry   scope: null,
12 silly mapToRegistry   escapedName: 'typescript',
12 silly mapToRegistry   name: 'typescript',
12 silly mapToRegistry   rawSpec: '',
12 silly mapToRegistry   spec: 'latest',
12 silly mapToRegistry   type: 'tag' }
13 silly mapToRegistry uri https://registry.npmjs.org/typescript
14 verbose request uri https://registry.npmjs.org/typescript
15 verbose request no auth needed
16 info attempt registry request try #1 at 12:50:09
17 verbose request id c6bad22a32f8631d
18 verbose etag W/"584e4dee-116b66"
19 verbose lastModified Mon, 12 Dec 2016 07:12:46 GMT
20 http request GET https://registry.npmjs.org/typescript
21 http 304 https://registry.npmjs.org/typescript
22 verbose headers { date: 'Tue, 13 Dec 2016 04:50:11 GMT',
22 verbose headers   via: '1.1 varnish',
22 verbose headers   'cache-control': 'max-age=300',
22 verbose headers   etag: 'W/"584e4dee-116b66"',
22 verbose headers   age: '141',
22 verbose headers   connection: 'keep-alive',
22 verbose headers   'x-served-by': 'cache-nrt6135-NRT',
22 verbose headers   'x-cache': 'HIT',
22 verbose headers   'x-cache-hits': '2',
22 verbose headers   'x-timer': 'S1481604611.582083,VS0,VE0',
22 verbose headers   vary: 'Accept-Encoding' }
23 silly get cb [ 304,
23 silly get   { date: 'Tue, 13 Dec 2016 04:50:11 GMT',
23 silly get     via: '1.1 varnish',
23 silly get     'cache-control': 'max-age=300',
23 silly get     etag: 'W/"584e4dee-116b66"',
23 silly get     age: '141',
23 silly get     connection: 'keep-alive',
23 silly get     'x-served-by': 'cache-nrt6135-NRT',
23 silly get     'x-cache': 'HIT',
23 silly get     'x-cache-hits': '2',
23 silly get     'x-timer': 'S1481604611.582083,VS0,VE0',
23 silly get     vary: 'Accept-Encoding' } ]
24 verbose etag https://registry.npmjs.org/typescript from cache
25 verbose get saving typescript to /home/maishu/.npm/registry.npmjs.org/typescript/.cache.json
26 verbose correctMkdir /home/maishu/.npm correctMkdir not in flight; initializing
27 silly install normalizeTree
28 silly loadCurrentTree Finishing
29 silly loadIdealTree Starting
30 silly install loadIdealTree
31 silly cloneCurrentTree Starting
32 silly install cloneCurrentTreeToIdealTree
33 silly cloneCurrentTree Finishing
34 silly loadShrinkwrap Starting
35 silly install loadShrinkwrap
36 silly loadShrinkwrap Finishing
37 silly loadAllDepsIntoIdealTree Starting
38 silly install loadAllDepsIntoIdealTree
39 silly resolveWithNewModule typescript@2.2.0-dev.20161209 checking installable status
40 silly cache add args [ 'typescript@2.2.0-dev.20161209', null ]
41 verbose cache add spec typescript@2.2.0-dev.20161209
42 silly cache add parsed spec Result {
42 silly cache add   raw: 'typescript@2.2.0-dev.20161209',
42 silly cache add   scope: null,
42 silly cache add   escapedName: 'typescript',
42 silly cache add   name: 'typescript',
42 silly cache add   rawSpec: '2.2.0-dev.20161209',
42 silly cache add   spec: '2.2.0-dev.20161209',
42 silly cache add   type: 'version' }
43 silly addNamed typescript@2.2.0-dev.20161209
44 verbose addNamed "2.2.0-dev.20161209" is a plain semver version for typescript
45 silly mapToRegistry name typescript
46 silly mapToRegistry using default registry
47 silly mapToRegistry registry https://registry.npmjs.org/
48 silly mapToRegistry data Result {
48 silly mapToRegistry   raw: 'typescript',
48 silly mapToRegistry   scope: null,
48 silly mapToRegistry   escapedName: 'typescript',
48 silly mapToRegistry   name: 'typescript',
48 silly mapToRegistry   rawSpec: '',
48 silly mapToRegistry   spec: 'latest',
48 silly mapToRegistry   type: 'tag' }
49 silly mapToRegistry uri https://registry.npmjs.org/typescript
50 verbose addNameVersion registry:https://registry.npmjs.org/typescript not in flight; fetching
51 verbose get https://registry.npmjs.org/typescript not expired, no request
52 silly mapToRegistry name typescript
53 silly mapToRegistry using default registry
54 silly mapToRegistry registry https://registry.npmjs.org/
55 silly mapToRegistry data Result {
55 silly mapToRegistry   raw: 'typescript',
55 silly mapToRegistry   scope: null,
55 silly mapToRegistry   escapedName: 'typescript',
55 silly mapToRegistry   name: 'typescript',
55 silly mapToRegistry   rawSpec: '',
55 silly mapToRegistry   spec: 'latest',
55 silly mapToRegistry   type: 'tag' }
56 silly mapToRegistry uri https://registry.npmjs.org/typescript
57 verbose addRemoteTarball https://registry.npmjs.org/typescript/-/typescript-2.2.0-dev.20161209.tgz not in flight; adding
58 verbose addRemoteTarball [ 'https://registry.npmjs.org/typescript/-/typescript-2.2.0-dev.20161209.tgz',
58 verbose addRemoteTarball   'fbaa0dd50ca145f2eb659c9d0fab3ac833761315' ]
59 info retry fetch attempt 1 at 12:50:11
60 info attempt registry request try #1 at 12:50:11
61 http fetch GET https://registry.npmjs.org/typescript/-/typescript-2.2.0-dev.20161209.tgz
62 http fetch 200 https://registry.npmjs.org/typescript/-/typescript-2.2.0-dev.20161209.tgz
63 info retry will retry, error on last attempt: Error: read ECONNRESET
64 info retry will retry, error on last attempt: Error: read ECONNRESET
65 silly fetchAndShaCheck shasum fbaa0dd50ca145f2eb659c9d0fab3ac833761315
66 silly rollbackFailedOptional Starting
67 silly rollbackFailedOptional Finishing
68 silly runTopLevelLifecycles Starting
69 silly runTopLevelLifecycles Finishing
70 silly install printInstalled
71 verbose stack Error: shasum check failed for /tmp/npm-22552-32975896/registry.npmjs.org/typescript/-/typescript-2.2.0-dev.20161209.tgz
71 verbose stack Expected: fbaa0dd50ca145f2eb659c9d0fab3ac833761315
71 verbose stack Actual:   ed605133baeff61ed7c53ad910f6a38531aecaae
71 verbose stack From:     https://registry.npmjs.org/typescript/-/typescript-2.2.0-dev.20161209.tgz
71 verbose stack     at /usr/local/lib/node_modules/npm/node_modules/sha/index.js:25:8
71 verbose stack     at ReadStream.<anonymous> (/usr/local/lib/node_modules/npm/node_modules/sha/index.js:72:7)
71 verbose stack     at emitNone (events.js:91:20)
71 verbose stack     at ReadStream.emit (events.js:185:7)
71 verbose stack     at endReadableNT (_stream_readable.js:974:12)
71 verbose stack     at _combinedTickCallback (internal/process/next_tick.js:74:11)
71 verbose stack     at process._tickCallback (internal/process/next_tick.js:98:9)
72 verbose cwd /home/maishu/projects/node_auth/src
73 error Linux 4.4.0-53-generic
74 error argv "/usr/local/bin/node" "/usr/local/bin/npm" "install" "typescript@2.2.0-dev.20161209"
75 error node v6.5.0
76 error npm  v3.10.3
77 error shasum check failed for /tmp/npm-22552-32975896/registry.npmjs.org/typescript/-/typescript-2.2.0-dev.20161209.tgz
77 error Expected: fbaa0dd50ca145f2eb659c9d0fab3ac833761315
77 error Actual:   ed605133baeff61ed7c53ad910f6a38531aecaae
77 error From:     https://registry.npmjs.org/typescript/-/typescript-2.2.0-dev.20161209.tgz
78 error If you need help, you may report this error at:
78 error     <https://github.com/npm/npm/issues>
79 verbose exit [ 1, true ]
